<?xml version="1.0" encoding="UTF-8"?>
<testng-results ignored="0" total="0" passed="0" failed="0" skipped="0">
  <reporter-output>
  </reporter-output>
  <suite started-at="2026-03-24T17:12:55 IST" name="Default suite" finished-at="2026-03-24T17:13:01 IST" duration-ms="6174">
    <groups>
    </groups>
    <test started-at="2026-03-24T17:12:55 IST" name="Default test" finished-at="2026-03-24T17:13:01 IST" duration-ms="6174">
      <class name="com.opencart.base.BaseTest">
        <test-method is-config="true" signature="browserLauch()[pri:0, instance:com.opencart.base.BaseTest@3fc9504b]" started-at="2026-03-24T17:12:55 IST" name="browserLauch" finished-at="2026-03-24T17:13:01 IST" duration-ms="6164" status="PASS">
          <reporter-output>
          </reporter-output>
        </test-method> <!-- browserLauch -->
      </class> <!-- com.opencart.base.BaseTest -->
    </test> <!-- Default test -->
  </suite> <!-- Default suite -->
</testng-results>
